<?xml version="1.0" encoding="UTF-8"?>
<!-- Generated by org.testng.reporters.JUnitXMLReporter -->
<testsuite hostname="kristina-VirtualBox" name="Surefire test" tests="26" failures="0" timestamp="24 Mar 2021 19:58:15 GMT" time="2.09" errors="0">
  <testcase name="testMultiplicationZero on testMultiplicationZero(com.nackademin.kristina_ostanback_assignment02.CalculatorTest)" time="0.078" classname="com.nackademin.kristina_ostanback_assignment02.CalculatorTest"/>
  <testcase name="testAdditionMinus on testAdditionMinus(com.nackademin.kristina_ostanback_assignment02.CalculatorTest)" time="0.093" classname="com.nackademin.kristina_ostanback_assignment02.CalculatorTest"/>
  <testcase name="testDivisionZero on testDivisionZero(com.nackademin.kristina_ostanback_assignment02.CalculatorTest)" time="0.049" classname="com.nackademin.kristina_ostanback_assignment02.CalculatorTest"/>
  <testcase name="testMultiplication on testMultiplication(com.nackademin.kristina_ostanback_assignment02.CalculatorTest)" time="0.026" classname="com.nackademin.kristina_ostanback_assignment02.CalculatorTest"/>
  <testcase name="testAddition on testAddition(com.nackademin.kristina_ostanback_assignment02.CalculatorTest)" time="0.085" classname="com.nackademin.kristina_ostanback_assignment02.CalculatorTest"/>
  <testcase name="testSubtractionZero on testSubtractionZero(com.nackademin.kristina_ostanback_assignment02.CalculatorTest)" time="0.023" classname="com.nackademin.kristina_ostanback_assignment02.CalculatorTest"/>
  <testcase name="testAdditionZero on testAdditionZero(com.nackademin.kristina_ostanback_assignment02.CalculatorTest)" time="0.076" classname="com.nackademin.kristina_ostanback_assignment02.CalculatorTest"/>
  <testcase name="testDivision on testDivision(com.nackademin.kristina_ostanback_assignment02.CalculatorTest)" time="0.085" classname="com.nackademin.kristina_ostanback_assignment02.CalculatorTest"/>
  <testcase name="testMultiplicationMinus on testMultiplicationMinus(com.nackademin.kristina_ostanback_assignment02.CalculatorTest)" time="0.042" classname="com.nackademin.kristina_ostanback_assignment02.CalculatorTest"/>
  <testcase name="testSubtraction on testSubtraction(com.nackademin.kristina_ostanback_assignment02.CalculatorTest)" time="0.051" classname="com.nackademin.kristina_ostanback_assignment02.CalculatorTest"/>
  <testcase name="testSubtractionMinus on testSubtractionMinus(com.nackademin.kristina_ostanback_assignment02.CalculatorTest)" time="0.041" classname="com.nackademin.kristina_ostanback_assignment02.CalculatorTest"/>
  <testcase name="testDivisionMinus on testDivisionMinus(com.nackademin.kristina_ostanback_assignment02.CalculatorTest)" time="0.019" classname="com.nackademin.kristina_ostanback_assignment02.CalculatorTest"/>
  <testcase name="testExpZero on testExpZero(com.nackademin.kristina_ostanback_assignment02.CalculatorATest)" time="0.066" classname="com.nackademin.kristina_ostanback_assignment02.CalculatorATest"/>
  <testcase name="testExp on testExp(com.nackademin.kristina_ostanback_assignment02.CalculatorATest)" time="0.154" classname="com.nackademin.kristina_ostanback_assignment02.CalculatorATest"/>
  <testcase name="testExpMinus on testExpMinus(com.nackademin.kristina_ostanback_assignment02.CalculatorATest)" time="0.07" classname="com.nackademin.kristina_ostanback_assignment02.CalculatorATest"/>
  <testcase name="testSqrt on testSqrt(com.nackademin.kristina_ostanback_assignment02.CalculatorATest)" time="0.05" classname="com.nackademin.kristina_ostanback_assignment02.CalculatorATest"/>
  <testcase name="cubeMinus on cubeMinus(com.nackademin.kristina_ostanback_assignment02.CalculatorATest)" time="0.032" classname="com.nackademin.kristina_ostanback_assignment02.CalculatorATest"/>
  <testcase name="absoluteValue on absoluteValue(com.nackademin.kristina_ostanback_assignment02.CalculatorATest)" time="0.023" classname="com.nackademin.kristina_ostanback_assignment02.CalculatorATest"/>
  <testcase name="testSquareMinus on testSquareMinus(com.nackademin.kristina_ostanback_assignment02.CalculatorATest)" time="0.076" classname="com.nackademin.kristina_ostanback_assignment02.CalculatorATest"/>
  <testcase name="testSqrtMinus on testSqrtMinus(com.nackademin.kristina_ostanback_assignment02.CalculatorATest)" time="0.055" classname="com.nackademin.kristina_ostanback_assignment02.CalculatorATest"/>
  <testcase name="testSqrtZero on testSqrtZero(com.nackademin.kristina_ostanback_assignment02.CalculatorATest)" time="0.047" classname="com.nackademin.kristina_ostanback_assignment02.CalculatorATest"/>
  <testcase name="cube on cube(com.nackademin.kristina_ostanback_assignment02.CalculatorATest)" time="0.064" classname="com.nackademin.kristina_ostanback_assignment02.CalculatorATest"/>
  <testcase name="cubeZero on cubeZero(com.nackademin.kristina_ostanback_assignment02.CalculatorATest)" time="0.031" classname="com.nackademin.kristina_ostanback_assignment02.CalculatorATest"/>
  <testcase name="absoluteValueMinus on absoluteValueMinus(com.nackademin.kristina_ostanback_assignment02.CalculatorATest)" time="0.022" classname="com.nackademin.kristina_ostanback_assignment02.CalculatorATest"/>
  <testcase name="testSquare on testSquare(com.nackademin.kristina_ostanback_assignment02.CalculatorATest)" time="0.067" classname="com.nackademin.kristina_ostanback_assignment02.CalculatorATest"/>
  <testcase name="absoluteValueZero on absoluteValueZero(com.nackademin.kristina_ostanback_assignment02.CalculatorATest)" time="0.066" classname="com.nackademin.kristina_ostanback_assignment02.CalculatorATest"/>
</testsuite> <!-- Surefire test -->
